<?xml version="1.0" encoding="utf-8"?><testsuites name="pytest tests"><testsuite name="pytest" errors="0" failures="0" skipped="0" tests="35" time="4.426" timestamp="2026-08-30T20:30:49.693501+04:00" hostname="Ibrahim-Legion-5"><testcase classname="tests.integration.test_data_pipeline" name="test_tiny_end_to_end_data_tokenizer_and_quota" time="0.851" /><testcase classname="tests.integration.test_frozen_data_artifacts" name="test_frozen_tokenizer_and_training_sample_are_valid" time="0.170" /><testcase classname="tests.integration.test_frozen_data_artifacts" name="test_frozen_50m_manifest_is_unique_train_only_and_hash_frozen" time="1.120" /><testcase classname="tests.integration.test_no_split_leakage" name="test_synthetic_manifests_have_disjoint_ids_and_clusters" time="0.923" /><testcase classname="tests.integration.test_tokenizer_train_only" name="test_tokenizer_corpus_rejects_non_train_rows" time="0.019" /><testcase classname="tests.unit.test_dedup" name="test_near_duplicate_similarity_and_fingerprint_are_deterministic" time="0.002" /><testcase classname="tests.unit.test_dedup" name="test_pilot_removes_exact_duplicates_before_near_scoring" time="0.002" /><testcase classname="tests.unit.test_hashing" name="test_hashes_are_stable_and_source_aware" time="0.001" /><testcase classname="tests.unit.test_hashing" name="test_raw_record_id_changes_with_provenance" time="0.001" /><testcase classname="tests.unit.test_hashing" name="test_atomic_json_replaces_complete_content_without_partial_file" time="0.012" /><testcase classname="tests.unit.test_leakage" name="test_independent_gate_catches_omitted_cross_split_near_pair" time="0.001" /><testcase classname="tests.unit.test_leakage" name="test_cluster_identifier_keeps_confirmed_near_pair_in_one_split" time="0.001" /><testcase classname="tests.unit.test_near_repair" name="test_large_bucket_emits_non_anchor_pairs" time="0.086" /><testcase classname="tests.unit.test_near_repair" name="test_large_bucket_verifies_non_anchor_true_pair" time="0.206" /><testcase classname="tests.unit.test_near_repair" name="test_large_bucket_output_is_deterministic_and_canonical" time="0.150" /><testcase classname="tests.unit.test_near_repair" name="test_candidates_are_deduplicated_across_bands" time="0.023" /><testcase classname="tests.unit.test_near_repair" name="test_candidate_resume_matches_clean_execution" time="0.064" /><testcase classname="tests.unit.test_near_repair" name="test_connected_components_are_transitive_and_deterministic" time="0.003" /><testcase classname="tests.unit.test_near_repair" name="test_incomplete_stage_is_not_accepted_as_complete" time="0.001" /><testcase classname="tests.unit.test_normalize" name="test_normalization_preserves_azerbaijani_letters_and_case" time="0.002" /><testcase classname="tests.unit.test_normalize" name="test_normalization_uses_nfc_and_preserves_paragraphs" time="0.001" /><testcase classname="tests.unit.test_normalize" name="test_control_characters_are_removed_but_newlines_remain" time="0.001" /><testcase classname="tests.unit.test_paths" name="test_relative_manifest_path_resolves_under_a_new_repo_root" time="0.009" /><testcase classname="tests.unit.test_paths" name="test_path_resolver_rejects_escape_and_absolute_paths" time="0.006" /><testcase classname="tests.unit.test_paths" name="test_dollma_root_prefers_explicit_environment_override" time="0.008" /><testcase classname="tests.unit.test_paths" name="test_missing_dollma_root_has_actionable_error" time="0.005" /><testcase classname="tests.unit.test_promotion" name="test_invalid_staging_is_rejected_before_current_is_moved" time="0.026" /><testcase classname="tests.unit.test_promotion" name="test_valid_staging_is_promoted_after_validation" time="0.028" /><testcase classname="tests.unit.test_sampling" name="test_quota_sampling_is_deterministic_unique_and_train_only" time="0.072" /><testcase classname="tests.unit.test_sampling" name="test_quota_shortage_is_redistributed_without_repeating_documents" time="0.058" /><testcase classname="tests.unit.test_sampling" name="test_exact_budget_boundary_records_inside_document_cutoff" time="0.001" /><testcase classname="tests.unit.test_split" name="test_split_is_repeatable_and_matches_bucket_ranges" time="0.072" /><testcase classname="tests.unit.test_split" name="test_cluster_identifier_keeps_members_in_one_split" time="0.001" /><testcase classname="tests.unit.test_tokenizer_utils" name="test_tokenizer_text_projects_line_breaks_without_changing_letters" time="0.001" /><testcase classname="tests.unit.test_tokenizer_utils" name="test_sentencepiece_candidate_has_stable_special_tokens" time="0.117" /></testsuite></testsuites>